Arguments: 
  /usr/local/bin/node /usr/local/bin/yarn install

PATH: 
  /usr/local/bin:/usr/bin:/bin:/usr/sbin:/sbin:/opt/X11/bin:/Library/Apple/usr/bin

Yarn version: 
  1.22.10

Node version: 
  14.15.0

Platform: 
  darwin x64

Trace: 
  SyntaxError: /Users/S.o.M/Desktop/All/College/EC463/NoiseHub/package.json: Unexpected token } in JSON at position 939
      at JSON.parse (<anonymous>)
      at /usr/local/lib/node_modules/yarn/lib/cli.js:1625:59
      at Generator.next (<anonymous>)
      at step (/usr/local/lib/node_modules/yarn/lib/cli.js:310:30)
      at /usr/local/lib/node_modules/yarn/lib/cli.js:321:13

npm manifest: 
  {
    "main": "node_modules/expo/AppEntry.js",
    "scripts": {
      "start": "expo start",
      "android": "expo start --android",
      "ios": "expo start --ios",
      "web": "expo start --web",
      "eject": "expo eject"
    },
    "dependencies": {
      "@react-native-community/masked-view": "0.1.10",
      "@react-navigation/native": "^6.0.2",
      "@react-navigation/stack": "^6.0.7",
      "base-64": "^1.0.0",
      "expo": "~42.0.1",
      "expo-barcode-scanner": "~10.2.2",
      "expo-google-app-auth": "^8.2.2",
      "expo-status-bar": "~1.0.4",
      "react": "16.13.1",
      "react-dom": "16.13.1",
      "react-native": "https://github.com/expo/react-native/archive/sdk-42.0.0.tar.gz",
      "react-native-gesture-handler": "~1.10.2",
      "react-native-keyboard-aware-scroll-view": "^0.9.4",
      "react-native-reanimated": "~2.2.0",
      "react-native-safe-area-context": "3.2.0",
      "react-native-screens": "~3.4.0",
      "react-native-web": "~0.13.12",
    },
    "devDependencies": {
      "@babel/core": "^7.9.0"
    },
    "private": true
  }

yarn manifest: 
  No manifest

Lockfile: 
  No lockfile
